<?xml version="1.0" encoding="UTF-8"?>
<testng-results skipped="0" failed="0" ignored="0" total="1" passed="1">
  <reporter-output>
  </reporter-output>
  <suite name="Default suite" duration-ms="341" started-at="2022-06-29T17:03:23 IST" finished-at="2022-06-29T17:03:24 IST">
    <groups>
    </groups>
    <test name="Default test" duration-ms="341" started-at="2022-06-29T17:03:23 IST" finished-at="2022-06-29T17:03:24 IST">
      <class name="com.example.demo.Prefix.PrefixTest">
        <test-method status="PASS" signature="springTestContextBeforeTestClass()[pri:0, instance:com.example.demo.Prefix.PrefixTest@3f357c9d]" name="springTestContextBeforeTestClass" is-config="true" duration-ms="28" started-at="2022-06-29T17:03:23 IST" finished-at="2022-06-29T17:03:24 IST">
          <reporter-output>
          </reporter-output>
        </test-method> <!-- springTestContextBeforeTestClass -->
        <test-method status="PASS" signature="springTestContextPrepareTestInstance()[pri:0, instance:com.example.demo.Prefix.PrefixTest@3f357c9d]" name="springTestContextPrepareTestInstance" is-config="true" duration-ms="265" started-at="2022-06-29T17:03:24 IST" depends-on-methods="org.springframework.test.context.testng.AbstractTestNGSpringContextTests.springTestContextBeforeTestClass" finished-at="2022-06-29T17:03:24 IST">
          <reporter-output>
          </reporter-output>
        </test-method> <!-- springTestContextPrepareTestInstance -->
        <test-method status="PASS" signature="springTestContextBeforeTestMethod(java.lang.reflect.Method)[pri:0, instance:com.example.demo.Prefix.PrefixTest@3f357c9d]" name="springTestContextBeforeTestMethod" is-config="true" duration-ms="11" started-at="2022-06-29T17:03:24 IST" finished-at="2022-06-29T17:03:24 IST">
          <params>
            <param index="0">
              <value>
                <![CDATA[public void com.example.demo.Prefix.PrefixTest.prefixTest()]]>
              </value>
            </param>
          </params>
          <reporter-output>
          </reporter-output>
        </test-method> <!-- springTestContextBeforeTestMethod -->
        <test-method status="PASS" signature="prefixTest()[pri:0, instance:com.example.demo.Prefix.PrefixTest@3f357c9d]" name="prefixTest" duration-ms="0" started-at="2022-06-29T17:03:24 IST" finished-at="2022-06-29T17:03:24 IST">
          <reporter-output>
          </reporter-output>
        </test-method> <!-- prefixTest -->
        <test-method status="PASS" signature="springTestContextAfterTestMethod(java.lang.reflect.Method)[pri:0, instance:com.example.demo.Prefix.PrefixTest@3f357c9d]" name="springTestContextAfterTestMethod" is-config="true" duration-ms="3" started-at="2022-06-29T17:03:24 IST" finished-at="2022-06-29T17:03:24 IST">
          <params>
            <param index="0">
              <value>
                <![CDATA[public void com.example.demo.Prefix.PrefixTest.prefixTest()]]>
              </value>
            </param>
          </params>
          <reporter-output>
          </reporter-output>
        </test-method> <!-- springTestContextAfterTestMethod -->
        <test-method status="PASS" signature="springTestContextAfterTestClass()[pri:0, instance:com.example.demo.Prefix.PrefixTest@3f357c9d]" name="springTestContextAfterTestClass" is-config="true" duration-ms="2" started-at="2022-06-29T17:03:24 IST" finished-at="2022-06-29T17:03:24 IST">
          <reporter-output>
          </reporter-output>
        </test-method> <!-- springTestContextAfterTestClass -->
      </class> <!-- com.example.demo.Prefix.PrefixTest -->
    </test> <!-- Default test -->
  </suite> <!-- Default suite -->
</testng-results>
